<?xml version="1.0" encoding="utf-8"?><testsuites name="pytest tests"><testsuite name="pytest" errors="0" failures="0" skipped="2" tests="8" time="6.610" timestamp="2025-08-28T16:55:47.293602-05:00" hostname="EricsMacStudio.localdomain"><testcase classname="tests.test_api_auth" name="test_integration_session_auth" time="0.000"><skipped type="pytest.skip" message="Server not available for integration testing">/Users/ossenbrugge/Documents/Programming/Starmap/tests/test_api_auth.py:68: Server not available for integration testing</skipped></testcase><testcase classname="tests.test_api_auth" name="test_integration_jwt_auth" time="0.000"><skipped type="pytest.skip" message="JWT authentication currently not implemented">/Users/ossenbrugge/Documents/Programming/Starmap/tests/test_api_auth.py:95: JWT authentication currently not implemented</skipped></testcase><testcase classname="tests.test_api_auth" name="test_session_auth" time="0.001" /><testcase classname="tests.test_api_auth" name="test_jwt_auth_logic" time="0.000" /><testcase classname="tests.test_api_auth" name="test_auth_mocked" time="0.001" /><testcase classname="tests.test_exoplanets" name="test_exoplanets" time="0.012" /><testcase classname="tests.test_performance" name="test_montydb_performance" time="5.737" /><testcase classname="tests.test_performance" name="test_json_performance" time="0.733" /></testsuite></testsuites>